[ke1.be/en/ccgen/index.html]
[backblue.gif]
[fade.gif]
[index.html]
[ke1.be/en/ccgen/ke1_logo.png]
[ke1.be/en/ccgen/ds_files/css/style.css]
[maxcdn.bootstrapcdn.com/font-awesome/4.6.3/css/font-awesome.min.css]
[ke1.be/en/ccgen/ds_files/css/material.min.css]
[ke1.be/en/ccgen/ds_files/js/material.min.js]
[ke1.be/en/ccgen/ds_files/js/homepage.js]
[ke1.be/en/ccgen/ds_files/js/jquery-1.11.2.min.js]
[ke1.be/en/ccgen/ds_files/js/KE1.beGenerator.js]
[img.icons8.com/dusk/100/000000/travel-card.png]
[img.icons8.com/doodle/64/000000/plus.png]
[img.icons8.com/bubbles/24/000000/purchase-order.png]
[img.icons8.com/office/22/000000/bulleted-list.png]
[img.icons8.com/cotton/64/000000/card-verification-value.png]
[img.icons8.com/doodle/48/000000/calendar--v2.png]
[img.icons8.com/color/48/000000/plus-1year.png]
[img.icons8.com/dusk/64/000000/card-security.png]
[img.icons8.com/dusk/24/000000/check-all.png]
[img.icons8.com/dusk/24/000000/copy.png]
[upload.wikimedia.org/wikipedia/commons/thumb/8/83/Telegram_2019_Logo.svg/1024px-Telegram_2019_Logo.svg.png]
[ke1.be/en/ccgen/index.html]
[fonts.googleapis.com/css2bfef.css]
[ke1.be/en/ccgen/ds_files/css/style.css]
[maxcdn.bootstrapcdn.com/font-awesome/4.6.3/css/font-awesome.min.css]
[ke1.be/en/ccgen/ds_files/css/material.min.css]
[maxcdn.bootstrapcdn.com/font-awesome/4.6.3/fonts/fontawesome-webfont5b62.svg]
[maxcdn.bootstrapcdn.com/font-awesome/4.6.3/fonts/fontawesome-webfont5b62.svg]
